\BOOKMARK [0][-]{chapter.1}{1 Nociones Básicas de Topología }{}% 1
\BOOKMARK [1][-]{section.1.1}{1.1 Espacios Métricos}{chapter.1}% 2
\BOOKMARK [2][-]{subsection.1.1.1}{1.1.1 Enfoque axiomático de las estructuras métricas}{section.1.1}% 3
\BOOKMARK [2][-]{subsection.1.1.2}{1.1.2 Bolas, esferas y diámetro}{section.1.1}% 4
\BOOKMARK [2][-]{subsection.1.1.3}{1.1.3\040Conjuntos\040abiertos}{section.1.1}% 5
\BOOKMARK [2][-]{subsection.1.1.4}{1.1.4\040Interior\040de\040un\040conjunto\040y\040entornos}{section.1.1}% 6
\BOOKMARK [2][-]{subsection.1.1.5}{1.1.5\040Conjuntos\040cerrados\040y\040clausura\040de\040conjuntos}{section.1.1}% 7
\BOOKMARK [2][-]{subsection.1.1.6}{1.1.6\040Ejercicios}{section.1.1}% 8
\BOOKMARK [1][-]{section.1.2}{1.2 Subespacios de un espacio métrico}{chapter.1}% 9
\BOOKMARK [2][-]{subsection.1.2.1}{1.2.1\040Ejercicios}{section.1.2}% 10
\BOOKMARK [1][-]{section.1.3}{1.3\040Espacios\040separables}{chapter.1}% 11
\BOOKMARK [2][-]{subsection.1.3.1}{1.3.1\040Ejercicios}{section.1.3}% 12
\BOOKMARK [1][-]{section.1.4}{1.4\040Funciones\040Continuas}{chapter.1}% 13
\BOOKMARK [2][-]{subsection.1.4.1}{1.4.1\040Ejercicios}{section.1.4}% 14
\BOOKMARK [1][-]{section.1.5}{1.5 Homeomorfismos e isometrías}{chapter.1}% 15
\BOOKMARK [2][-]{subsection.1.5.1}{1.5.1\040Ejercicios}{section.1.5}% 16
\BOOKMARK [1][-]{section.1.6}{1.6\040Completitud}{chapter.1}% 17
\BOOKMARK [2][-]{subsection.1.6.1}{1.6.1\040Sucesiones}{section.1.6}% 18
\BOOKMARK [2][-]{subsection.1.6.2}{1.6.2 Sucesiones de Cauchy, espacios métricos completos}{section.1.6}% 19
\BOOKMARK [2][-]{subsection.1.6.3}{1.6.3\040Teorema\040de\040Cantor}{section.1.6}% 20
\BOOKMARK [2][-]{subsection.1.6.4}{1.6.4\040Teorema\040de\040Baire}{section.1.6}% 21
\BOOKMARK [2][-]{subsection.1.6.5}{1.6.5\040Ejercicios}{section.1.6}% 22
\BOOKMARK [1][-]{section.1.7}{1.7\040Compacidad}{chapter.1}% 23
\BOOKMARK [2][-]{subsection.1.7.1}{1.7.1\040Ejercicios}{section.1.7}% 24
\BOOKMARK [1][-]{section.1.8}{1.8 Conexión}{chapter.1}% 25
\BOOKMARK [2][-]{subsection.1.8.1}{1.8.1\040Ejercicios}{section.1.8}% 26
\BOOKMARK [0][-]{ejercicio.1.70}{Bibliografía}{}% 27
